4LOM
Aayla
Ackbar
Thrawn
Ahsoka
Anakin
Asajj
Aurra
Bail
Ben
Barriss
Bastila
Skywalker
Biggs
Bib
Boba
Bossk
Brakiss
C3PO
Cade
Callista
Carnor
Chewbacca
Dooku
Darth
Bane
Krayt
Maul
Nihilus
Vader
Dash
Dengar
Durge
Emperor
Palpatine
Exar
Galen
Dodonna
General
Grievous
Veers
Gilad
Moff
Greedo
Han
IG
Jabba
Jacen
Jaina
Solo
Jango
Anakin
Jarael
Jerec
Joruus
Mundi
Kir
Fisto
Kyp
Lando
Luminara
Lumiya
Mace
Mara
Mission
Natasi
Nom
Obi-wan
Obiwan
padme
Plo
Pre
Prince
Princess
Proxy
Qui-gon
Quigon
Quinlan
R2-D2
Rahm
Revan
Savage
Sebulba
Shaak
Talon
Ulic
Visas
Watto
Wedge
Yoda
Zam
Zayne
Zuckuss
Alderaan
Anoat
Ansion
Bespin
Bogden
Boz
Cato
Centax
Chenini
Corellia
Coruscant
Dagobah
Dantooine
Endor
Endor
Felucia
Geonosis
Ghomrassen
Guermessa
Hesperidium
Hoth
Talus
Raxus
Iego
Jestefad
Kamino
Kashyyyk
Kessel
Malastare
Mustafar
Mygeeto
Naboo
Shaddaa
Ohma-D'un
Rori
Saleucami
Subterrel
Sullust
Taanab
Tatooine
Tund
Utapau
Yavin
Lok
Dathomir
